<?xml version="1.0" encoding="UTF-8"?>
<!-- Generated by org.testng.reporters.JUnitXMLReporter -->
<testsuite hostname="QSP-007" ignored="4" name="Test" tests="2" failures="1" timestamp="12 Mar 2018 12:18:29 GMT" time="82.16" errors="0">
  <testcase name="@BeforeMethod configBm" time="0.001" classname="com.mvn.genericlibraries.Baseclass">
    <failure type="java.lang.NullPointerException">
      <![CDATA[java.lang.NullPointerException
	at com.mvn.genericlibraries.Baseclass.configBm(Baseclass.java:49)
... Removed 27 stack frames]]>
    </failure>
  </testcase> <!-- @BeforeMethod configBm -->
  <testcase name="@AfterTest close" time="0.0" classname="com.mvn.genericlibraries.Baseclass">
    <skipped/>
  </testcase> <!-- @AfterTest close -->
  <testcase name="signuptonaukri" time="76.948" classname="mvn_framework_testing.Signinnaukri">
    <failure type="org.openqa.selenium.WebDriverException" message="Element is not clickable at point (469.8833312988281, 433). Other element would receive the click: &amp;lt;div class=&amp;quot;tuple&amp;quot; ng-class=&amp;quot;{notSelectable:item.notSelectable,limitCheck:item.limitCheck}&amp;quot;&amp;gt;&amp;lt;/div&amp;gt;
Command duration or timeout: 65 milliseconds
Build info: version: &amp;apos;2.53.1&amp;apos;, revision: &amp;apos;a36b8b1cd5757287168e54b817830adce9b0158d&amp;apos;, time: &amp;apos;2016-06-30 19:26:09&amp;apos;
System info: host: &amp;apos;QSP-007&amp;apos;, ip: &amp;apos;10.10.14.49&amp;apos;, os.name: &amp;apos;Windows 10&amp;apos;, os.arch: &amp;apos;amd64&amp;apos;, os.version: &amp;apos;10.0&amp;apos;, java.version: &amp;apos;1.8.0_121&amp;apos;
Driver info: org.openqa.selenium.firefox.FirefoxDriver
Capabilities [{applicationCacheEnabled=true, rotatable=false, handlesAlerts=true, databaseEnabled=true, version=47.0.1, platform=WINDOWS, nativeEvents=false, acceptSslCerts=true, webStorageEnabled=true, locationContextEnabled=true, browserName=firefox, takesScreenshot=true, javascriptEnabled=true, cssSelectorsEnabled=true}]
Session ID: 9eeffe37-5b65-42a6-b33d-48e1a6b63ec3">
      <![CDATA[org.openqa.selenium.WebDriverException: Element is not clickable at point (469.8833312988281, 433). Other element would receive the click: <div class="tuple" ng-class="{notSelectable:item.notSelectable,limitCheck:item.limitCheck}"></div>
Command duration or timeout: 65 milliseconds
Build info: version: '2.53.1', revision: 'a36b8b1cd5757287168e54b817830adce9b0158d', time: '2016-06-30 19:26:09'
System info: host: 'QSP-007', ip: '10.10.14.49', os.name: 'Windows 10', os.arch: 'amd64', os.version: '10.0', java.version: '1.8.0_121'
Driver info: org.openqa.selenium.firefox.FirefoxDriver
Capabilities [{applicationCacheEnabled=true, rotatable=false, handlesAlerts=true, databaseEnabled=true, version=47.0.1, platform=WINDOWS, nativeEvents=false, acceptSslCerts=true, webStorageEnabled=true, locationContextEnabled=true, browserName=firefox, takesScreenshot=true, javascriptEnabled=true, cssSelectorsEnabled=true}]
Session ID: 9eeffe37-5b65-42a6-b33d-48e1a6b63ec3
	at org.openqa.selenium.remote.ErrorHandler.createThrowable(ErrorHandler.java:206)
	at org.openqa.selenium.remote.ErrorHandler.throwIfResponseFailed(ErrorHandler.java:158)
	at org.openqa.selenium.remote.RemoteWebDriver.execute(RemoteWebDriver.java:678)
	at org.openqa.selenium.remote.RemoteWebElement.execute(RemoteWebElement.java:327)
	at org.openqa.selenium.remote.RemoteWebElement.click(RemoteWebElement.java:85)
	at org.openqa.selenium.support.pagefactory.internal.LocatingElementHandler.invoke(LocatingElementHandler.java:51)
	at com.sun.proxy.$Proxy12.click(Unknown Source)
	at com.mvn.objectrepositories.Naukrisigup.signupnaukri(Naukrisigup.java:55)
	at mvn_framework_testing.Signinnaukri.signuptonaukri(Signinnaukri.java:29)
... Removed 33 stack frames]]>
    </failure>
  </testcase> <!-- signuptonaukri -->
  <testcase name="registeryahoo" time="0.0" classname="mvn_framework_testing.Signin">
    <skipped/>
  </testcase> <!-- registeryahoo -->
  <testcase name="@AfterTest close" time="0.0" classname="com.mvn.genericlibraries.Baseclass">
    <ignored/>
  </testcase> <!-- @AfterTest close -->
  <testcase name="@BeforeSuite initialise" time="0.0" classname="com.mvn.genericlibraries.Baseclass">
    <ignored/>
  </testcase> <!-- @BeforeSuite initialise -->
  <testcase name="@BeforeTest launch" time="0.0" classname="com.mvn.genericlibraries.Baseclass">
    <ignored/>
  </testcase> <!-- @BeforeTest launch -->
  <testcase name="@AfterSuite end" time="0.0" classname="com.mvn.genericlibraries.Baseclass">
    <ignored/>
  </testcase> <!-- @AfterSuite end -->
</testsuite> <!-- Test -->
